<?xml version="1.0" encoding="UTF-8"?>
<!-- Generated by org.testng.reporters.JUnitReportReporter -->
<testsuite hostname="DESKTOP-NB0N28R" failures="0" tests="1" name="com.actitime.testscript.UserModule" time="0.193" errors="0" timestamp="2023-12-29T12:20:27 IST" skipped="0">
  <testcase classname="com.actitime.testscript.UserModule" name="addUser" time="0.193">
    <system-out>
      <![CDATA[hello]]>
    </system-out>
  </testcase> <!-- addUser -->
  <system-out>
    <![CDATA[hello]]>
  </system-out>
</testsuite> <!-- com.actitime.testscript.UserModule -->
