<?xml version="1.0" encoding="UTF-8"?>
<!-- Generated by org.testng.reporters.JUnitReportReporter -->
<testsuite hostname="DESKTOP-NB0N28R" failures="0" tests="1" name="com.actitime.testscript.UserModule" time="46.376" errors="0" timestamp="2023-12-28T16:42:37 IST" skipped="0">
  <testcase classname="com.actitime.testscript.UserModule" name="createAndDeleteUser" time="46.376">
    <system-out>
      <![CDATA[createAndDeleteUser method has started
createAndDeleteUser method has succeeded]]>
    </system-out>
  </testcase> <!-- createAndDeleteUser -->
  <system-out>
    <![CDATA[openBrowser
login
createAndDeleteUser method has started
createAndDeleteUser method has succeeded
logout
closeBrowser]]>
  </system-out>
</testsuite> <!-- com.actitime.testscript.UserModule -->
